<?xml version="1.0" encoding="UTF-8"?>
<!-- Generated by org.testng.reporters.JUnitReportReporter -->
<testsuite skipped="0" hostname="Bamisho" name="testPackage.DependsonTestBase" tests="2" failures="0" timestamp="2019-09-14T17:55:48 BST" time="22.706" errors="0">
  <testcase name="Login" time="22.702" classname="testPackage.DependsonTestBase"/>
  <testcase name="software" time="0.004" classname="testPackage.DependsonTestBase"/>
</testsuite> <!-- testPackage.DependsonTestBase -->
