<?xml version="1.0" encoding="UTF-8"?>
<!-- Generated by org.testng.reporters.JUnitReportReporter -->
<testsuite skipped="0" hostname="Bamisho" name="testPackage.TestNGDay4" tests="3" failures="0" timestamp="2019-09-14T15:51:19 BST" time="0.031" errors="0">
  <testcase name="LoginAPIHomeLoan" time="0.016" classname="testPackage.TestNGDay4"/>
  <testcase name="MobileLoginHomeLoan" time="0.015" classname="testPackage.TestNGDay4"/>
  <testcase name="WebloginHomeLoan" time="0.000" classname="testPackage.TestNGDay4"/>
</testsuite> <!-- testPackage.TestNGDay4 -->
