<?xml version="1.0" encoding="UTF-8"?>
<!-- Generated by org.testng.reporters.JUnitReportReporter -->
<testsuite skipped="0" hostname="Bamisho" name="testPackage.TestNGDay2" tests="1" failures="0" timestamp="2019-09-14T15:51:18 BST" time="0.000" errors="0">
  <testcase name="ploan" time="0.000" classname="testPackage.TestNGDay2"/>
</testsuite> <!-- testPackage.TestNGDay2 -->
