<?xml version="1.0" encoding="UTF-8"?>
<!-- Generated by org.testng.reporters.JUnitReportReporter -->
<testsuite skipped="0" hostname="Bamisho" name="testPackage.GlobalParameterisation" tests="2" failures="0" timestamp="2019-09-14T17:31:04 BST" time="50.784" errors="0">
  <testcase name="software" time="0.004" classname="testPackage.GlobalParameterisation"/>
  <testcase name="Login" time="50.780" classname="testPackage.GlobalParameterisation"/>
</testsuite> <!-- testPackage.GlobalParameterisation -->
