<?xml version="1.0" encoding="UTF-8"?>
<!-- Generated by org.testng.reporters.JUnitReportReporter -->
<testsuite skipped="1" hostname="Bamisho" name="testPackage.TestNGDay3" tests="6" failures="0" timestamp="2019-09-14T15:51:18 BST" time="0.031" errors="0">
  <testcase name="MobilesignoutcarLoan" time="0.016" classname="testPackage.TestNGDay3"/>
  <testcase name="MobilesignoutcarLoan" time="0.015" classname="testPackage.TestNGDay3"/>
  <testcase name="MobileLogincarLoan" time="0.000" classname="testPackage.TestNGDay3"/>
  <testcase name="MobilesignoutcarLoan" time="0.000" classname="testPackage.TestNGDay3"/>
  <testcase name="WebloginCarLoan" time="0.000" classname="testPackage.TestNGDay3"/>
  <testcase name="MobilesignimcarLoan" classname="testPackage.TestNGDay3">
    <skipped/>
  </testcase> <!-- MobilesignimcarLoan -->
</testsuite> <!-- testPackage.TestNGDay3 -->
